#
# A fatal error has been detected by the Java Runtime Environment:
#
#  EXCEPTION_ACCESS_VIOLATION (0xc0000005) at pc=0x00007ffc2b0c26c4, pid=3372, tid=17380
#
# JRE version: OpenJDK Runtime Environment (24.0.1+9) (build 24.0.1+9-30)
# Java VM: OpenJDK 64-Bit Server VM (24.0.1+9-30, mixed mode, emulated-client, sharing, tiered, compressed oops, compressed class ptrs, g1 gc, windows-amd64)
# Problematic frame:
# C  [libasyncProfiler.dll+0x926c4]
#
# No core dump will be written. Minidumps are not enabled by default on client versions of Windows
#
# JFR recording file will be written. Location: C:\Users\ryanb\Desktop\Aplicativo_web\hs_err_pid3372.jfr
#
# If you would like to submit a bug report, please visit:
#   https://bugreport.java.com/bugreport/crash.jsp
# The crash happened outside the Java Virtual Machine in native code.
# See problematic frame for where to report the bug.
#

---------------  S U M M A R Y ------------

Command Line: -XX:TieredStopAtLevel=1 -Dspring.output.ansi.enabled=always -Dcom.sun.management.jmxremote -Dspring.jmx.enabled=true -Dspring.liveBeansView.mbeanDomain -Dspring.application.admin.enabled=true -Dmanagement.endpoints.jmx.exposure.include=* -javaagent:C:\Program Files\JetBrains\IntelliJ IDEA 2025.1.2\lib\idea_rt.jar=50812 -agentpath:C:\Users\ryanb\AppData\Local\Temp\idea_libasyncProfiler_dll_temp_folder11\libasyncProfiler.dll=start,jfr,event=wall,interval=10ms,jfrsync=profile,cstack=no,file=C:\Users\ryanb\IdeaSnapshots\AplicativoWebApplication_2025_07_13_122534.jfr,dbghelppath=C:\Users\ryanb\AppData\Local\Temp\idea_dbghelp_dll_temp_folder5\dbghelp.dll,log=C:\Users\ryanb\AppData\Local\Temp\AplicativoWebApplication_2025_07_13_122534.jfr.log.txt,logLevel=DEBUG -Dfile.encoding=UTF-8 -Dsun.stdout.encoding=UTF-8 -Dsun.stderr.encoding=UTF-8 com.example.Aplicativo_web.AplicativoWebApplicationKt

Host: 11th Gen Intel(R) Core(TM) i5-1135G7 @ 2.40GHz, 8 cores, 15G,  Windows 11 , 64 bit Build 26100 (10.0.26100.4484)
Time: Sun Jul 13 12:25:42 2025 Hora est. Pacífico, Sudamérica elapsed time: 7.675974 seconds (0d 0h 0m 7s)

---------------  T H R E A D  ---------------

Current thread (0x000001ea0f979580):  JavaThread "main"             [_thread_in_native, id=17380, stack(0x0000004db0600000,0x0000004db0700000) (1024K)]

Stack: [0x0000004db0600000,0x0000004db0700000],  sp=0x0000004db06fe600,  free space=1017k
Native frames: (J=compiled Java code, j=interpreted, Vv=VM code, C=native code)
C  [libasyncProfiler.dll+0x926c4]  (no source info available)
C  [libasyncProfiler.dll+0x92b9b]  (no source info available)
C  [libasyncProfiler.dll+0x917f4]  (no source info available)
C  [libasyncProfiler.dll+0x9206a]  (no source info available)
C  [libasyncProfiler.dll+0x8cc21]  (no source info available)
C  [libasyncProfiler.dll+0x7e5e1]  (no source info available)
C  [libasyncProfiler.dll+0x7d2f8]  (no source info available)
C  [libasyncProfiler.dll+0x7d1e0]  (no source info available)
C  [libasyncProfiler.dll+0x832fc]  (no source info available)
V  [jvm.dll+0x5e38de]  (no source info available)
V  [jvm.dll+0x886056]  (no source info available)
V  [jvm.dll+0x495f3e]  (no source info available)
V  [jvm.dll+0x497d11]  (no source info available)
C  [jli.dll+0x52a1]  (no source info available)
C  [ucrtbase.dll+0x37b0]  (no source info available)
C  [KERNEL32.DLL+0x2e8d7]  (no source info available)
C  [ntdll.dll+0x3c34c]  (no source info available)


siginfo: EXCEPTION_ACCESS_VIOLATION (0xc0000005), reading address 0xffffffffffffffff


Registers:
RAX=0x0000000000000010, RBX=0x0000000000000000, RCX=0xffffffffffffffff, RDX=0x007ffc2bd6300010
RSP=0x0000004db06fe600, RBP=0x000001ea69417ff0, RSI=0x0000004db06fe770, RDI=0x000001ea69417ff0
R8 =0x0000000000000042, R9 =0x0000000713e01ed8, R10=0x00007ffc2bfd9fb0, R11=0x0000000000000002
R12=0x0000004db06fe770, R13=0x000001ea0d9bdd50, R14=0x000001ea0f979948, R15=0x000001ea0f979948
RIP=0x00007ffc2b0c26c4, EFLAGS=0x0000000000010202

XMM[0]=0x0000000000000000 0x0000000000000000
XMM[1]=0x0000000000000000 0x0000000000000000
XMM[2]=0x0000000000000000 0x0000000000000000
XMM[3]=0x0000000000000000 0x0000000000000000
XMM[4]=0x0000000000000000 0x0000000000000000
XMM[5]=0x0000000000000000 0x0000000000000000
XMM[6]=0x0000000000000000 0x0000000000000000
XMM[7]=0x0000000000000000 0x0000000000000000
XMM[8]=0x0000000000000000 0x0000000000000000
XMM[9]=0x0000000000000000 0x0000000000000000
XMM[10]=0x0000000000000000 0x0000000000000000
XMM[11]=0x0000000000000000 0x0000000000000000
XMM[12]=0x0000000000000000 0x0000000000000000
XMM[13]=0x0000000000000000 0x0000000000000000
XMM[14]=0x0000000000000000 0x0000000000000000
XMM[15]=0x0000000000000000 0x0000000000000000
  MXCSR=0x00001fa0


Register to memory mapping:

RAX=0x0000000000000010 is an unknown value
RBX=0x0 is null
RCX=0xffffffffffffffff is an unknown value
RDX=0x007ffc2bd6300010 is an unknown value
RSP=0x0000004db06fe600 is pointing into the stack for thread: 0x000001ea0f979580
RBP=0x000001ea69417ff0 points into unknown readable memory: 0x0000000713e01ed8 | d8 1e e0 13 07 00 00 00
RSI=0x0000004db06fe770 is pointing into the stack for thread: 0x000001ea0f979580
RDI=0x000001ea69417ff0 points into unknown readable memory: 0x0000000713e01ed8 | d8 1e e0 13 07 00 00 00
R8 =0x0000000000000042 is an unknown value
R9 =0x0000000713e01ed8 is an oop: java.lang.Thread 
{0x0000000713e01ed8} - klass: 'java/lang/Thread' - flags: 

 - ---- fields (total size 14 words):
 - 'threadLocalRandomProbe' 'I' @12  0 (0x00000000)
 - private volatile 'eetop' 'J' @16  2104795567488 (0x000001ea0f979580)
 - private final 'tid' 'J' @24  3 (0x0000000000000003)
 - 'threadLocalRandomSeed' 'J' @32  0 (0x0000000000000000)
 - injected 'jvmti_thread_state' 'J' @40  2105135372768 (0x000001ea23d899e0)
 - 'threadLocalRandomSecondarySeed' 'I' @48  0 (0x00000000)
 - injected 'jvmti_VTMS_transition_disable_count' 'I' @52  0 (0x00000000)
 - injected 'jfr_epoch' 'S' @56  0 (0x0000)
 - volatile 'interrupted' 'Z' @58  false (0x00)
 - injected 'jvmti_is_in_VTMS_transition' 'Z' @59  false (0x00)
 - private volatile 'name' 'Ljava/lang/String;' @60  "main"{0x0000000713e01f48} (0xe27c03e9)
 - private volatile 'contextClassLoader' 'Ljava/lang/ClassLoader;' @64  a 'jdk/internal/loader/ClassLoaders$AppClassLoader'{0x0000000713e38068} (0xe27c700d)
 - private final 'holder' 'Ljava/lang/Thread$FieldHolder;' @68  a 'java/lang/Thread$FieldHolder'{0x0000000713e01f88} (0xe27c03f1)
 - 'threadLocals' 'Ljava/lang/ThreadLocal$ThreadLocalMap;' @72  a 'java/lang/ThreadLocal$ThreadLocalMap'{0x0000000713d54cd8} (0xe27aa99b)
 - 'inheritableThreadLocals' 'Ljava/lang/ThreadLocal$ThreadLocalMap;' @76  null (0x00000000)
 - private 'scopedValueBindings' 'Ljava/lang/Object;' @80  a 'java/lang/Class'{0x00000007ffe7c258} = 'java/lang/Thread' (0xfffcf84b)
 - final 'interruptLock' 'Ljava/lang/Object;' @84  a 'java/lang/Object'{0x0000000713e01f78} (0xe27c03ef)
 - private volatile 'parkBlocker' 'Ljava/lang/Object;' @88  null (0x00000000)
 - private 'nioBlocker' 'Lsun/nio/ch/Interruptible;' @92  null (0x00000000)
 - private 'cont' 'Ljdk/internal/vm/Continuation;' @96  null (0x00000000)
 - private volatile 'uncaughtExceptionHandler' 'Ljava/lang/Thread$UncaughtExceptionHandler;' @100  null (0x00000000)
 - private 'container' 'Ljdk/internal/vm/ThreadContainer;' @104  null (0x00000000)
 - private volatile 'headStackableScopes' 'Ljdk/internal/vm/StackableScope;' @108  null (0x00000000)
R10=0x00007ffc2bfd9fb0 jvm.dll
R11=0x0000000000000002 is an unknown value
R12=0x0000004db06fe770 is pointing into the stack for thread: 0x000001ea0f979580
R13=0x000001ea0d9bdd50 points into unknown readable memory: 0x00007ffc2bf4a510 | 10 a5 f4 2b fc 7f 00 00
R14=0x000001ea0f979948 points into unknown readable memory: 0x00007ffc2bf417b0 | b0 17 f4 2b fc 7f 00 00
R15=0x000001ea0f979948 points into unknown readable memory: 0x00007ffc2bf417b0 | b0 17 f4 2b fc 7f 00 00

Top of Stack: (sp=0x0000004db06fe600)
0x0000004db06fe600:   0000004db06fe770 000001ea69417ff0   p.o.M.....Ai....
0x0000004db06fe610:   0000000000000000 000001ea0fdce770   ........p.......
0x0000004db06fe620:   000000000000001b 00007ffc2b0c2b9b   .........+.+....
0x0000004db06fe630:   0000000000000000 000001ea0f979948   ........H.......
0x0000004db06fe640:   0000004db06fe701 0000000000000000   ..o.M...........
0x0000004db06fe650:   000001ea6aef31f0 00007ffc2b0c17f4   .1.j.......+....
0x0000004db06fe660:   0000000000000000 000000000000001b   ................
0x0000004db06fe670:   0000000000000000 000000000000001b   ................
0x0000004db06fe680:   0000000a00000002 000001ea6aee9500   ...........j....
0x0000004db06fe690:   000001ea6aef31f0 000001ea6aef325c   .1.j....\2.j....
0x0000004db06fe6a0:   000001ea6aef3260 000001ea0000244c   `2.j....L$......
0x0000004db06fe6b0:   0000000000000000 0000000000000000   ................
0x0000004db06fe6c0:   0000000000000000 00007ffc2b7a57d4   .........Wz+....
0x0000004db06fe6d0:   00007ffc2b204ca0 0000000000000d2c   .L +....,.......
0x0000004db06fe6e0:   00007ffc2b204ca0 00000000ffffffff   .L +............
0x0000004db06fe6f0:   0000000000000000 00007ffc2b0c206a   ........j .+....
0x0000004db06fe700:   000001ea0f979948 0000000000000000   H...............
0x0000004db06fe710:   0000004db06fe779 000001ea0d9bdd50   y.o.M...P.......
0x0000004db06fe720:   000001ea69003040 000001ea0d980000   @0.i............
0x0000004db06fe730:   000001ea69003040 00007ffcbf6af559   @0.i....Y.j.....
0x0000004db06fe740:   000001ea0f979948 00007ffc2b204ca0   H........L +....
0x0000004db06fe750:   00007ffc2b1af0d8 00007ffc2b1af0c8   ...+.......+....
0x0000004db06fe760:   0000000000000000 000001ea0f979948   ........H.......
0x0000004db06fe770:   000001ea6aecfd90 000001ea6aed00f0   ...j.......j....
0x0000004db06fe780:   000001ea6aed00f0 00007ffc2b204ca0   ...j.....L +....
0x0000004db06fe790:   000001ea0fde4508 0000004db06fe908   .E........o.M...
0x0000004db06fe7a0:   0000004db06fea40 0000000000008840   @.o.M...@.......
0x0000004db06fe7b0:   00007ffc2b1f7080 00007ffc2b204cf0   .p.+.....L +....
0x0000004db06fe7c0:   0000000000989680 0000000000989680   ................
0x0000004db06fe7d0:   0000004db06fe8e0 00007ffc2b0bcc21   ..o.M...!..+....
0x0000004db06fe7e0:   00007ffc2b204ca0 00007ffc2b204cf8   .L +.....L +....
0x0000004db06fe7f0:   00007ffc00000000 003eeeca00000001   ..............>.

Instructions: (pc=0x00007ffc2b0c26c4)
  0x00007ffc2b0c25c4:   cc cc cc cc cc cc cc cc cc cc cc cc cc cc cc cc
  0x00007ffc2b0c25d4:   cc cc cc cc cc cc cc cc cc cc cc cc cc cc cc cc
  0x00007ffc2b0c25e4:   cc cc cc cc cc cc cc cc cc cc cc cc cc cc cc cc
  0x00007ffc2b0c25f4:   cc cc cc cc cc cc cc cc cc cc cc cc cc cc cc cc
  0x00007ffc2b0c2604:   cc cc cc cc cc cc cc cc cc cc cc cc cc cc cc cc
  0x00007ffc2b0c2614:   cc cc cc cc cc cc cc cc cc cc cc cc cc cc cc cc
  0x00007ffc2b0c2624:   cc cc cc cc cc cc cc cc cc cc cc cc cc cc cc cc
  0x00007ffc2b0c2634:   cc cc cc cc cc cc cc cc cc cc cc cc cc cc cc cc
  0x00007ffc2b0c2644:   cc cc cc cc cc cc cc cc cc cc cc cc 40 57 48 83
  0x00007ffc2b0c2654:   ec 20 48 8b f9 48 8b 0d 10 28 14 00 48 85 c9 74
  0x00007ffc2b0c2664:   20 48 8b 01 48 8d 54 24 38 41 b8 06 00 01 00 4c
  0x00007ffc2b0c2674:   8b 48 30 41 ff d1 85 c0 75 07 48 8b 4c 24 38 eb
  0x00007ffc2b0c2684:   02 33 c9 4c 8b 05 ea 28 14 00 48 89 5c 24 30 4d
  0x00007ffc2b0c2694:   85 c0 74 4a 48 8b 01 48 8b d7 4c 8b 88 28 03 00
  0x00007ffc2b0c26a4:   00 41 ff d1 48 85 c0 74 35 48 63 0d f8 e6 13 00
  0x00007ffc2b0c26b4:   48 8b 14 01 48 85 d2 74 15 48 63 05 fc e6 13 00
=>0x00007ffc2b0c26c4:   8b 04 10 48 8b 5c 24 30 48 83 c4 20 5f c3 b8 ff
  0x00007ffc2b0c26d4:   ff ff ff 48 8b 5c 24 30 48 83 c4 20 5f c3 80 3d
  0x00007ffc2b0c26e4:   9b 27 14 00 00 bb ff ff ff ff 74 20 4c 8b 0d 31
  0x00007ffc2b0c26f4:   24 14 00 4c 8d 44 24 38 48 8b 0d 15 24 14 00 48
  0x00007ffc2b0c2704:   8b d7 41 ff d1 85 c0 0f 44 5c 24 38 8b c3 48 8b
  0x00007ffc2b0c2714:   5c 24 30 48 83 c4 20 5f c3 cc cc cc cc cc cc cc
  0x00007ffc2b0c2724:   cc cc cc cc cc cc cc cc cc cc cc cc cc cc cc cc
  0x00007ffc2b0c2734:   cc cc cc cc cc cc cc cc cc cc cc cc cc cc cc cc
  0x00007ffc2b0c2744:   cc cc cc cc cc cc cc cc cc cc cc cc 48 89 54 24
  0x00007ffc2b0c2754:   10 53 55 56 57 41 56 41 57 48 83 ec 28 48 8b f2
  0x00007ffc2b0c2764:   4c 8b f1 48 89 4c 24 78 45 33 ff 44 89 7c 24 68
  0x00007ffc2b0c2774:   c7 44 24 60 01 00 00 00 48 8d 4c 24 68 e8 ed 42
  0x00007ffc2b0c2784:   f7 ff 8b d8 48 8d 4c 24 60 e8 e1 42 f7 ff 8b e8
  0x00007ffc2b0c2794:   49 8b ce e8 00 fc f6 ff 48 8b f8 90 8b c3 f0 0f
  0x00007ffc2b0c27a4:   b1 2f 74 04 f3 90 eb f4 4c 89 3e 4c 89 7e 08 4c
  0x00007ffc2b0c27b4:   89 7e 10 49 8b 6e 08 4d 8b 76 10 49 3b ee 0f 84


Stack slot to memory mapping:

stack at sp + 0 slots: 0x0000004db06fe770 is pointing into the stack for thread: 0x000001ea0f979580
stack at sp + 1 slots: 0x000001ea69417ff0 points into unknown readable memory: 0x0000000713e01ed8 | d8 1e e0 13 07 00 00 00
stack at sp + 2 slots: 0x0 is null
stack at sp + 3 slots: 0x000001ea0fdce770 points into unknown readable memory: 0x6e616c2e6176616a | 6a 61 76 61 2e 6c 61 6e
stack at sp + 4 slots: 0x000000000000001b is an unknown value
stack at sp + 5 slots: 0x00007ffc2b0c2b9b libasyncProfiler.dll
stack at sp + 6 slots: 0x0 is null
stack at sp + 7 slots: 0x000001ea0f979948 points into unknown readable memory: 0x00007ffc2bf417b0 | b0 17 f4 2b fc 7f 00 00

Lock stack of current Java thread (top to bottom):


---------------  P R O C E S S  ---------------

Threads class SMR info:
_java_thread_list=0x000001ea6af31030, length=19, elements={
0x000001ea0f979580, 0x000001ea23d288a0, 0x000001ea23d291e0, 0x000001ea23d2bc20,
0x000001ea23d2e890, 0x000001ea23d2f3c0, 0x000001ea23d2fef0, 0x000001ea23d30a20,
0x000001ea23e224a0, 0x000001ea23e88ef0, 0x000001ea69400400, 0x000001ea69823770,
0x000001ea6a8bd7a0, 0x000001ea6adf2610, 0x000001ea6aef3df0, 0x000001ea6aec6420,
0x000001ea6af1ad50, 0x000001ea6af3a590, 0x000001ea6af39900
}

Java Threads: ( => current thread )
=>0x000001ea0f979580 JavaThread "main"                              [_thread_in_native, id=17380, stack(0x0000004db0600000,0x0000004db0700000) (1024K)]
  0x000001ea23d288a0 JavaThread "Reference Handler"          daemon [_thread_blocked, id=15248, stack(0x0000004db0e00000,0x0000004db0f00000) (1024K)]
  0x000001ea23d291e0 JavaThread "Finalizer"                  daemon [_thread_blocked, id=8580, stack(0x0000004db0f00000,0x0000004db1000000) (1024K)]
  0x000001ea23d2bc20 JavaThread "Signal Dispatcher"          daemon [_thread_blocked, id=16172, stack(0x0000004db1000000,0x0000004db1100000) (1024K)]
  0x000001ea23d2e890 JavaThread "Attach Listener"            daemon [_thread_blocked, id=10884, stack(0x0000004db1100000,0x0000004db1200000) (1024K)]
  0x000001ea23d2f3c0 JavaThread "Service Thread"             daemon [_thread_blocked, id=6432, stack(0x0000004db1200000,0x0000004db1300000) (1024K)]
  0x000001ea23d2fef0 JavaThread "Monitor Deflation Thread"   daemon [_thread_blocked, id=12036, stack(0x0000004db1300000,0x0000004db1400000) (1024K)]
  0x000001ea23d30a20 JavaThread "C1 CompilerThread0"         daemon [_thread_blocked, id=16040, stack(0x0000004db1400000,0x0000004db1500000) (1024K)]
  0x000001ea23e224a0 JavaThread "C1 CompilerThread1"         daemon [_thread_blocked, id=12488, stack(0x0000004db1500000,0x0000004db1600000) (1024K)]
  0x000001ea23e88ef0 JavaThread "Common-Cleaner"             daemon [_thread_blocked, id=16600, stack(0x0000004db1700000,0x0000004db1800000) (1024K)]
  0x000001ea69400400 JavaThread "Monitor Ctrl-Break"         daemon [_thread_in_native, id=6668, stack(0x0000004db1600000,0x0000004db1700000) (1024K)]
  0x000001ea69823770 JavaThread "C1 CompilerThread2"         daemon [_thread_blocked, id=16760, stack(0x0000004db1800000,0x0000004db1900000) (1024K)]
  0x000001ea6a8bd7a0 JavaThread "JFR Recorder Thread"        daemon [_thread_in_native, id=6488, stack(0x0000004db1900000,0x0000004db1a00000) (1024K)]
  0x000001ea6adf2610 JavaThread "C1 CompilerThread3"         daemon [_thread_blocked, id=1988, stack(0x0000004db1a00000,0x0000004db1b00000) (1024K)]
  0x000001ea6aef3df0 JavaThread "JFR Periodic Tasks"         daemon [_thread_blocked, id=11164, stack(0x0000004db1b00000,0x0000004db1c00000) (1024K)]
  0x000001ea6aec6420 JavaThread "RMI TCP Accept-0"           daemon [_thread_in_native, id=9292, stack(0x0000004db1c00000,0x0000004db1d00000) (1024K)]
  0x000001ea6af1ad50 JavaThread "RMI TCP Connection(1)-192.168.0.8" daemon [_thread_in_native, id=5540, stack(0x0000004db1d00000,0x0000004db1e00000) (1024K)]
  0x000001ea6af3a590 JavaThread "RMI Scheduler(0)"           daemon [_thread_blocked, id=1676, stack(0x0000004db1e00000,0x0000004db1f00000) (1024K)]
  0x000001ea6af39900 JavaThread "JMX server connection timeout 33" daemon [_thread_blocked, id=6168, stack(0x0000004db1f00000,0x0000004db2000000) (1024K)]
Total: 19

Other Threads:
  0x000001ea0fb00a40 VMThread "VM Thread"                           [id=5072, stack(0x0000004db0d00000,0x0000004db0e00000) (1024K)]
  0x000001ea0faf2100 WatcherThread "VM Periodic Task Thread"        [id=3092, stack(0x0000004db0c00000,0x0000004db0d00000) (1024K)]
  0x000001ea0f9e0a80 WorkerThread "GC Thread#0"                     [id=15840, stack(0x0000004db0700000,0x0000004db0800000) (1024K)]
  0x000001ea0f9f5490 ConcurrentGCThread "G1 Main Marker"            [id=17236, stack(0x0000004db0800000,0x0000004db0900000) (1024K)]
  0x000001ea0f9f7fd0 WorkerThread "G1 Conc#0"                       [id=8868, stack(0x0000004db0900000,0x0000004db0a00000) (1024K)]
  0x000001ea0faca6c0 ConcurrentGCThread "G1 Refine#0"               [id=4720, stack(0x0000004db0a00000,0x0000004db0b00000) (1024K)]
  0x000001ea0facaff0 ConcurrentGCThread "G1 Service"                [id=11844, stack(0x0000004db0b00000,0x0000004db0c00000) (1024K)]
Total: 7

Threads with active compile tasks:
Total: 0

VM state: not at safepoint (normal execution)

VM Mutex/Monitor currently owned by a thread: None

Heap address: 0x0000000704400000, size: 4028 MB, Compressed Oops mode: Zero based, Oop shift amount: 3

CDS archive(s) mapped at: [0x000001ea24000000-0x000001ea24d40000-0x000001ea24d40000), size 13893632, SharedBaseAddress: 0x000001ea24000000, ArchiveRelocationMode: 1.
Compressed class space mapped at: 0x000001ea25000000-0x000001ea65000000, reserved size: 1073741824
UseCompressedClassPointers 1, UseCompactObjectHeaders 0
Narrow klass pointer bits 32, Max shift 3
Narrow klass base: 0x000001ea24000000, Narrow klass shift: 0
Encoding Range: [0x000001ea24000000 - 0x000001eb24000000), (4294967296 bytes)
Klass Range:    [0x000001ea24000000 - 0x000001ea65000000), (1090519040 bytes)
Klass ID Range:  [8 - 1090519033) (1090519025)

GC Precious Log:
 CardTable entry size: 512
 Card Set container configuration: InlinePtr #cards 4 size 8 Array Of Cards #cards 16 size 48 Howl #buckets 8 coarsen threshold 3686 Howl Bitmap #cards 512 size 80 coarsen threshold 460 Card regions per heap region 1 cards per card region 4096
 CPUs: 8 total, 8 available
 Memory: 16110M
 Large Page Support: Disabled
 NUMA Support: Disabled
 Compressed Oops: Enabled (Zero based)
 Heap Region Size: 2M
 Heap Min Capacity: 8M
 Heap Initial Capacity: 252M
 Heap Max Capacity: 4028M
 Pre-touch: Disabled
 Parallel Workers: 8
 Concurrent Workers: 2
 Concurrent Refinement Workers: 8
 Periodic GC: Disabled

Heap:
 garbage-first heap   total reserved 4124672K, committed 260096K, used 35952K [0x0000000704400000, 0x0000000800000000)
  region size 2048K, 19 young (38912K), 0 survivors (0K)
 Metaspace       used 6560K, committed 6848K, reserved 1114112K
  class space    used 703K, committed 832K, reserved 1048576K

Heap Regions: E=young(eden), S=young(survivor), O=old, HS=humongous(starts), HC=humongous(continues), CS=collection set, F=free, TAMS=top-at-mark-start, PB=parsable bottom
|   0|0x0000000704400000, 0x0000000704400000, 0x0000000704600000|  0%| F|  |TAMS 0x0000000704400000| PB 0x0000000704400000| Untracked |  0
|   1|0x0000000704600000, 0x0000000704600000, 0x0000000704800000|  0%| F|  |TAMS 0x0000000704600000| PB 0x0000000704600000| Untracked |  0
|   2|0x0000000704800000, 0x0000000704800000, 0x0000000704a00000|  0%| F|  |TAMS 0x0000000704800000| PB 0x0000000704800000| Untracked |  0
|   3|0x0000000704a00000, 0x0000000704a00000, 0x0000000704c00000|  0%| F|  |TAMS 0x0000000704a00000| PB 0x0000000704a00000| Untracked |  0
|   4|0x0000000704c00000, 0x0000000704c00000, 0x0000000704e00000|  0%| F|  |TAMS 0x0000000704c00000| PB 0x0000000704c00000| Untracked |  0
|   5|0x0000000704e00000, 0x0000000704e00000, 0x0000000705000000|  0%| F|  |TAMS 0x0000000704e00000| PB 0x0000000704e00000| Untracked |  0
|   6|0x0000000705000000, 0x0000000705000000, 0x0000000705200000|  0%| F|  |TAMS 0x0000000705000000| PB 0x0000000705000000| Untracked |  0
|   7|0x0000000705200000, 0x0000000705200000, 0x0000000705400000|  0%| F|  |TAMS 0x0000000705200000| PB 0x0000000705200000| Untracked |  0
|   8|0x0000000705400000, 0x0000000705400000, 0x0000000705600000|  0%| F|  |TAMS 0x0000000705400000| PB 0x0000000705400000| Untracked |  0
|   9|0x0000000705600000, 0x0000000705600000, 0x0000000705800000|  0%| F|  |TAMS 0x0000000705600000| PB 0x0000000705600000| Untracked |  0
|  10|0x0000000705800000, 0x0000000705800000, 0x0000000705a00000|  0%| F|  |TAMS 0x0000000705800000| PB 0x0000000705800000| Untracked |  0
|  11|0x0000000705a00000, 0x0000000705a00000, 0x0000000705c00000|  0%| F|  |TAMS 0x0000000705a00000| PB 0x0000000705a00000| Untracked |  0
|  12|0x0000000705c00000, 0x0000000705c00000, 0x0000000705e00000|  0%| F|  |TAMS 0x0000000705c00000| PB 0x0000000705c00000| Untracked |  0
|  13|0x0000000705e00000, 0x0000000705e00000, 0x0000000706000000|  0%| F|  |TAMS 0x0000000705e00000| PB 0x0000000705e00000| Untracked |  0
|  14|0x0000000706000000, 0x0000000706000000, 0x0000000706200000|  0%| F|  |TAMS 0x0000000706000000| PB 0x0000000706000000| Untracked |  0
|  15|0x0000000706200000, 0x0000000706200000, 0x0000000706400000|  0%| F|  |TAMS 0x0000000706200000| PB 0x0000000706200000| Untracked |  0
|  16|0x0000000706400000, 0x0000000706400000, 0x0000000706600000|  0%| F|  |TAMS 0x0000000706400000| PB 0x0000000706400000| Untracked |  0
|  17|0x0000000706600000, 0x0000000706600000, 0x0000000706800000|  0%| F|  |TAMS 0x0000000706600000| PB 0x0000000706600000| Untracked |  0
|  18|0x0000000706800000, 0x0000000706800000, 0x0000000706a00000|  0%| F|  |TAMS 0x0000000706800000| PB 0x0000000706800000| Untracked |  0
|  19|0x0000000706a00000, 0x0000000706a00000, 0x0000000706c00000|  0%| F|  |TAMS 0x0000000706a00000| PB 0x0000000706a00000| Untracked |  0
|  20|0x0000000706c00000, 0x0000000706c00000, 0x0000000706e00000|  0%| F|  |TAMS 0x0000000706c00000| PB 0x0000000706c00000| Untracked |  0
|  21|0x0000000706e00000, 0x0000000706e00000, 0x0000000707000000|  0%| F|  |TAMS 0x0000000706e00000| PB 0x0000000706e00000| Untracked |  0
|  22|0x0000000707000000, 0x0000000707000000, 0x0000000707200000|  0%| F|  |TAMS 0x0000000707000000| PB 0x0000000707000000| Untracked |  0
|  23|0x0000000707200000, 0x0000000707200000, 0x0000000707400000|  0%| F|  |TAMS 0x0000000707200000| PB 0x0000000707200000| Untracked |  0
|  24|0x0000000707400000, 0x0000000707400000, 0x0000000707600000|  0%| F|  |TAMS 0x0000000707400000| PB 0x0000000707400000| Untracked |  0
|  25|0x0000000707600000, 0x0000000707600000, 0x0000000707800000|  0%| F|  |TAMS 0x0000000707600000| PB 0x0000000707600000| Untracked |  0
|  26|0x0000000707800000, 0x0000000707800000, 0x0000000707a00000|  0%| F|  |TAMS 0x0000000707800000| PB 0x0000000707800000| Untracked |  0
|  27|0x0000000707a00000, 0x0000000707a00000, 0x0000000707c00000|  0%| F|  |TAMS 0x0000000707a00000| PB 0x0000000707a00000| Untracked |  0
|  28|0x0000000707c00000, 0x0000000707c00000, 0x0000000707e00000|  0%| F|  |TAMS 0x0000000707c00000| PB 0x0000000707c00000| Untracked |  0
|  29|0x0000000707e00000, 0x0000000707e00000, 0x0000000708000000|  0%| F|  |TAMS 0x0000000707e00000| PB 0x0000000707e00000| Untracked |  0
|  30|0x0000000708000000, 0x0000000708000000, 0x0000000708200000|  0%| F|  |TAMS 0x0000000708000000| PB 0x0000000708000000| Untracked |  0
|  31|0x0000000708200000, 0x0000000708200000, 0x0000000708400000|  0%| F|  |TAMS 0x0000000708200000| PB 0x0000000708200000| Untracked |  0
|  32|0x0000000708400000, 0x0000000708400000, 0x0000000708600000|  0%| F|  |TAMS 0x0000000708400000| PB 0x0000000708400000| Untracked |  0
|  33|0x0000000708600000, 0x0000000708600000, 0x0000000708800000|  0%| F|  |TAMS 0x0000000708600000| PB 0x0000000708600000| Untracked |  0
|  34|0x0000000708800000, 0x0000000708800000, 0x0000000708a00000|  0%| F|  |TAMS 0x0000000708800000| PB 0x0000000708800000| Untracked |  0
|  35|0x0000000708a00000, 0x0000000708a00000, 0x0000000708c00000|  0%| F|  |TAMS 0x0000000708a00000| PB 0x0000000708a00000| Untracked |  0
|  36|0x0000000708c00000, 0x0000000708c00000, 0x0000000708e00000|  0%| F|  |TAMS 0x0000000708c00000| PB 0x0000000708c00000| Untracked |  0
|  37|0x0000000708e00000, 0x0000000708e00000, 0x0000000709000000|  0%| F|  |TAMS 0x0000000708e00000| PB 0x0000000708e00000| Untracked |  0
|  38|0x0000000709000000, 0x0000000709000000, 0x0000000709200000|  0%| F|  |TAMS 0x0000000709000000| PB 0x0000000709000000| Untracked |  0
|  39|0x0000000709200000, 0x0000000709200000, 0x0000000709400000|  0%| F|  |TAMS 0x0000000709200000| PB 0x0000000709200000| Untracked |  0
|  40|0x0000000709400000, 0x0000000709400000, 0x0000000709600000|  0%| F|  |TAMS 0x0000000709400000| PB 0x0000000709400000| Untracked |  0
|  41|0x0000000709600000, 0x0000000709600000, 0x0000000709800000|  0%| F|  |TAMS 0x0000000709600000| PB 0x0000000709600000| Untracked |  0
|  42|0x0000000709800000, 0x0000000709800000, 0x0000000709a00000|  0%| F|  |TAMS 0x0000000709800000| PB 0x0000000709800000| Untracked |  0
|  43|0x0000000709a00000, 0x0000000709a00000, 0x0000000709c00000|  0%| F|  |TAMS 0x0000000709a00000| PB 0x0000000709a00000| Untracked |  0
|  44|0x0000000709c00000, 0x0000000709c00000, 0x0000000709e00000|  0%| F|  |TAMS 0x0000000709c00000| PB 0x0000000709c00000| Untracked |  0
|  45|0x0000000709e00000, 0x0000000709e00000, 0x000000070a000000|  0%| F|  |TAMS 0x0000000709e00000| PB 0x0000000709e00000| Untracked |  0
|  46|0x000000070a000000, 0x000000070a000000, 0x000000070a200000|  0%| F|  |TAMS 0x000000070a000000| PB 0x000000070a000000| Untracked |  0
|  47|0x000000070a200000, 0x000000070a200000, 0x000000070a400000|  0%| F|  |TAMS 0x000000070a200000| PB 0x000000070a200000| Untracked |  0
|  48|0x000000070a400000, 0x000000070a400000, 0x000000070a600000|  0%| F|  |TAMS 0x000000070a400000| PB 0x000000070a400000| Untracked |  0
|  49|0x000000070a600000, 0x000000070a600000, 0x000000070a800000|  0%| F|  |TAMS 0x000000070a600000| PB 0x000000070a600000| Untracked |  0
|  50|0x000000070a800000, 0x000000070a800000, 0x000000070aa00000|  0%| F|  |TAMS 0x000000070a800000| PB 0x000000070a800000| Untracked |  0
|  51|0x000000070aa00000, 0x000000070aa00000, 0x000000070ac00000|  0%| F|  |TAMS 0x000000070aa00000| PB 0x000000070aa00000| Untracked |  0
|  52|0x000000070ac00000, 0x000000070ac00000, 0x000000070ae00000|  0%| F|  |TAMS 0x000000070ac00000| PB 0x000000070ac00000| Untracked |  0
|  53|0x000000070ae00000, 0x000000070ae00000, 0x000000070b000000|  0%| F|  |TAMS 0x000000070ae00000| PB 0x000000070ae00000| Untracked |  0
|  54|0x000000070b000000, 0x000000070b000000, 0x000000070b200000|  0%| F|  |TAMS 0x000000070b000000| PB 0x000000070b000000| Untracked |  0
|  55|0x000000070b200000, 0x000000070b200000, 0x000000070b400000|  0%| F|  |TAMS 0x000000070b200000| PB 0x000000070b200000| Untracked |  0
|  56|0x000000070b400000, 0x000000070b400000, 0x000000070b600000|  0%| F|  |TAMS 0x000000070b400000| PB 0x000000070b400000| Untracked |  0
|  57|0x000000070b600000, 0x000000070b600000, 0x000000070b800000|  0%| F|  |TAMS 0x000000070b600000| PB 0x000000070b600000| Untracked |  0
|  58|0x000000070b800000, 0x000000070b800000, 0x000000070ba00000|  0%| F|  |TAMS 0x000000070b800000| PB 0x000000070b800000| Untracked |  0
|  59|0x000000070ba00000, 0x000000070ba00000, 0x000000070bc00000|  0%| F|  |TAMS 0x000000070ba00000| PB 0x000000070ba00000| Untracked |  0
|  60|0x000000070bc00000, 0x000000070bc00000, 0x000000070be00000|  0%| F|  |TAMS 0x000000070bc00000| PB 0x000000070bc00000| Untracked |  0
|  61|0x000000070be00000, 0x000000070be00000, 0x000000070c000000|  0%| F|  |TAMS 0x000000070be00000| PB 0x000000070be00000| Untracked |  0
|  62|0x000000070c000000, 0x000000070c000000, 0x000000070c200000|  0%| F|  |TAMS 0x000000070c000000| PB 0x000000070c000000| Untracked |  0
|  63|0x000000070c200000, 0x000000070c200000, 0x000000070c400000|  0%| F|  |TAMS 0x000000070c200000| PB 0x000000070c200000| Untracked |  0
|  64|0x000000070c400000, 0x000000070c400000, 0x000000070c600000|  0%| F|  |TAMS 0x000000070c400000| PB 0x000000070c400000| Untracked |  0
|  65|0x000000070c600000, 0x000000070c600000, 0x000000070c800000|  0%| F|  |TAMS 0x000000070c600000| PB 0x000000070c600000| Untracked |  0
|  66|0x000000070c800000, 0x000000070c800000, 0x000000070ca00000|  0%| F|  |TAMS 0x000000070c800000| PB 0x000000070c800000| Untracked |  0
|  67|0x000000070ca00000, 0x000000070ca00000, 0x000000070cc00000|  0%| F|  |TAMS 0x000000070ca00000| PB 0x000000070ca00000| Untracked |  0
|  68|0x000000070cc00000, 0x000000070cc00000, 0x000000070ce00000|  0%| F|  |TAMS 0x000000070cc00000| PB 0x000000070cc00000| Untracked |  0
|  69|0x000000070ce00000, 0x000000070ce00000, 0x000000070d000000|  0%| F|  |TAMS 0x000000070ce00000| PB 0x000000070ce00000| Untracked |  0
|  70|0x000000070d000000, 0x000000070d000000, 0x000000070d200000|  0%| F|  |TAMS 0x000000070d000000| PB 0x000000070d000000| Untracked |  0
|  71|0x000000070d200000, 0x000000070d200000, 0x000000070d400000|  0%| F|  |TAMS 0x000000070d200000| PB 0x000000070d200000| Untracked |  0
|  72|0x000000070d400000, 0x000000070d400000, 0x000000070d600000|  0%| F|  |TAMS 0x000000070d400000| PB 0x000000070d400000| Untracked |  0
|  73|0x000000070d600000, 0x000000070d600000, 0x000000070d800000|  0%| F|  |TAMS 0x000000070d600000| PB 0x000000070d600000| Untracked |  0
|  74|0x000000070d800000, 0x000000070d800000, 0x000000070da00000|  0%| F|  |TAMS 0x000000070d800000| PB 0x000000070d800000| Untracked |  0
|  75|0x000000070da00000, 0x000000070da00000, 0x000000070dc00000|  0%| F|  |TAMS 0x000000070da00000| PB 0x000000070da00000| Untracked |  0
|  76|0x000000070dc00000, 0x000000070dc00000, 0x000000070de00000|  0%| F|  |TAMS 0x000000070dc00000| PB 0x000000070dc00000| Untracked |  0
|  77|0x000000070de00000, 0x000000070de00000, 0x000000070e000000|  0%| F|  |TAMS 0x000000070de00000| PB 0x000000070de00000| Untracked |  0
|  78|0x000000070e000000, 0x000000070e000000, 0x000000070e200000|  0%| F|  |TAMS 0x000000070e000000| PB 0x000000070e000000| Untracked |  0
|  79|0x000000070e200000, 0x000000070e200000, 0x000000070e400000|  0%| F|  |TAMS 0x000000070e200000| PB 0x000000070e200000| Untracked |  0
|  80|0x000000070e400000, 0x000000070e400000, 0x000000070e600000|  0%| F|  |TAMS 0x000000070e400000| PB 0x000000070e400000| Untracked |  0
|  81|0x000000070e600000, 0x000000070e600000, 0x000000070e800000|  0%| F|  |TAMS 0x000000070e600000| PB 0x000000070e600000| Untracked |  0
|  82|0x000000070e800000, 0x000000070e800000, 0x000000070ea00000|  0%| F|  |TAMS 0x000000070e800000| PB 0x000000070e800000| Untracked |  0
|  83|0x000000070ea00000, 0x000000070ea00000, 0x000000070ec00000|  0%| F|  |TAMS 0x000000070ea00000| PB 0x000000070ea00000| Untracked |  0
|  84|0x000000070ec00000, 0x000000070ec00000, 0x000000070ee00000|  0%| F|  |TAMS 0x000000070ec00000| PB 0x000000070ec00000| Untracked |  0
|  85|0x000000070ee00000, 0x000000070ee00000, 0x000000070f000000|  0%| F|  |TAMS 0x000000070ee00000| PB 0x000000070ee00000| Untracked |  0
|  86|0x000000070f000000, 0x000000070f000000, 0x000000070f200000|  0%| F|  |TAMS 0x000000070f000000| PB 0x000000070f000000| Untracked |  0
|  87|0x000000070f200000, 0x000000070f200000, 0x000000070f400000|  0%| F|  |TAMS 0x000000070f200000| PB 0x000000070f200000| Untracked |  0
|  88|0x000000070f400000, 0x000000070f400000, 0x000000070f600000|  0%| F|  |TAMS 0x000000070f400000| PB 0x000000070f400000| Untracked |  0
|  89|0x000000070f600000, 0x000000070f600000, 0x000000070f800000|  0%| F|  |TAMS 0x000000070f600000| PB 0x000000070f600000| Untracked |  0
|  90|0x000000070f800000, 0x000000070f800000, 0x000000070fa00000|  0%| F|  |TAMS 0x000000070f800000| PB 0x000000070f800000| Untracked |  0
|  91|0x000000070fa00000, 0x000000070fa00000, 0x000000070fc00000|  0%| F|  |TAMS 0x000000070fa00000| PB 0x000000070fa00000| Untracked |  0
|  92|0x000000070fc00000, 0x000000070fc00000, 0x000000070fe00000|  0%| F|  |TAMS 0x000000070fc00000| PB 0x000000070fc00000| Untracked |  0
|  93|0x000000070fe00000, 0x000000070fe00000, 0x0000000710000000|  0%| F|  |TAMS 0x000000070fe00000| PB 0x000000070fe00000| Untracked |  0
|  94|0x0000000710000000, 0x0000000710000000, 0x0000000710200000|  0%| F|  |TAMS 0x0000000710000000| PB 0x0000000710000000| Untracked |  0
|  95|0x0000000710200000, 0x0000000710200000, 0x0000000710400000|  0%| F|  |TAMS 0x0000000710200000| PB 0x0000000710200000| Untracked |  0
|  96|0x0000000710400000, 0x0000000710400000, 0x0000000710600000|  0%| F|  |TAMS 0x0000000710400000| PB 0x0000000710400000| Untracked |  0
|  97|0x0000000710600000, 0x0000000710600000, 0x0000000710800000|  0%| F|  |TAMS 0x0000000710600000| PB 0x0000000710600000| Untracked |  0
|  98|0x0000000710800000, 0x0000000710800000, 0x0000000710a00000|  0%| F|  |TAMS 0x0000000710800000| PB 0x0000000710800000| Untracked |  0
|  99|0x0000000710a00000, 0x0000000710a00000, 0x0000000710c00000|  0%| F|  |TAMS 0x0000000710a00000| PB 0x0000000710a00000| Untracked |  0
| 100|0x0000000710c00000, 0x0000000710c00000, 0x0000000710e00000|  0%| F|  |TAMS 0x0000000710c00000| PB 0x0000000710c00000| Untracked |  0
| 101|0x0000000710e00000, 0x0000000710e00000, 0x0000000711000000|  0%| F|  |TAMS 0x0000000710e00000| PB 0x0000000710e00000| Untracked |  0
| 102|0x0000000711000000, 0x0000000711000000, 0x0000000711200000|  0%| F|  |TAMS 0x0000000711000000| PB 0x0000000711000000| Untracked |  0
| 103|0x0000000711200000, 0x0000000711200000, 0x0000000711400000|  0%| F|  |TAMS 0x0000000711200000| PB 0x0000000711200000| Untracked |  0
| 104|0x0000000711400000, 0x0000000711400000, 0x0000000711600000|  0%| F|  |TAMS 0x0000000711400000| PB 0x0000000711400000| Untracked |  0
| 105|0x0000000711600000, 0x0000000711600000, 0x0000000711800000|  0%| F|  |TAMS 0x0000000711600000| PB 0x0000000711600000| Untracked |  0
| 106|0x0000000711800000, 0x0000000711800000, 0x0000000711a00000|  0%| F|  |TAMS 0x0000000711800000| PB 0x0000000711800000| Untracked |  0
| 107|0x0000000711a00000, 0x0000000711beb8f0, 0x0000000711c00000| 96%| E|  |TAMS 0x0000000711a00000| PB 0x0000000711a00000| Complete |  0
| 108|0x0000000711c00000, 0x0000000711e00000, 0x0000000711e00000|100%| E|CS|TAMS 0x0000000711c00000| PB 0x0000000711c00000| Complete |  0
| 109|0x0000000711e00000, 0x0000000712000000, 0x0000000712000000|100%| E|CS|TAMS 0x0000000711e00000| PB 0x0000000711e00000| Complete |  0
| 110|0x0000000712000000, 0x0000000712200000, 0x0000000712200000|100%| E|CS|TAMS 0x0000000712000000| PB 0x0000000712000000| Complete |  0
| 111|0x0000000712200000, 0x0000000712400000, 0x0000000712400000|100%| E|CS|TAMS 0x0000000712200000| PB 0x0000000712200000| Complete |  0
| 112|0x0000000712400000, 0x0000000712600000, 0x0000000712600000|100%| E|CS|TAMS 0x0000000712400000| PB 0x0000000712400000| Complete |  0
| 113|0x0000000712600000, 0x0000000712800000, 0x0000000712800000|100%| E|CS|TAMS 0x0000000712600000| PB 0x0000000712600000| Complete |  0
| 114|0x0000000712800000, 0x0000000712a00000, 0x0000000712a00000|100%| E|CS|TAMS 0x0000000712800000| PB 0x0000000712800000| Complete |  0
| 115|0x0000000712a00000, 0x0000000712c00000, 0x0000000712c00000|100%| E|CS|TAMS 0x0000000712a00000| PB 0x0000000712a00000| Complete |  0
| 116|0x0000000712c00000, 0x0000000712e00000, 0x0000000712e00000|100%| E|  |TAMS 0x0000000712c00000| PB 0x0000000712c00000| Complete |  0
| 117|0x0000000712e00000, 0x0000000713000000, 0x0000000713000000|100%| E|CS|TAMS 0x0000000712e00000| PB 0x0000000712e00000| Complete |  0
| 118|0x0000000713000000, 0x0000000713200000, 0x0000000713200000|100%| E|CS|TAMS 0x0000000713000000| PB 0x0000000713000000| Complete |  0
| 119|0x0000000713200000, 0x0000000713400000, 0x0000000713400000|100%| E|CS|TAMS 0x0000000713200000| PB 0x0000000713200000| Complete |  0
| 120|0x0000000713400000, 0x0000000713600000, 0x0000000713600000|100%| E|CS|TAMS 0x0000000713400000| PB 0x0000000713400000| Complete |  0
| 121|0x0000000713600000, 0x0000000713800000, 0x0000000713800000|100%| E|CS|TAMS 0x0000000713600000| PB 0x0000000713600000| Complete |  0
| 122|0x0000000713800000, 0x0000000713a00000, 0x0000000713a00000|100%| E|CS|TAMS 0x0000000713800000| PB 0x0000000713800000| Complete |  0
| 123|0x0000000713a00000, 0x0000000713c00000, 0x0000000713c00000|100%| E|CS|TAMS 0x0000000713a00000| PB 0x0000000713a00000| Complete |  0
| 124|0x0000000713c00000, 0x0000000713e00000, 0x0000000713e00000|100%| E|CS|TAMS 0x0000000713c00000| PB 0x0000000713c00000| Complete |  0
| 125|0x0000000713e00000, 0x0000000714000000, 0x0000000714000000|100%| E|CS|TAMS 0x0000000713e00000| PB 0x0000000713e00000| Complete |  0
|2013|0x00000007ffe00000, 0x00000007fff1c288, 0x0000000800000000| 55%| O|  |TAMS 0x00000007ffe00000| PB 0x00000007ffe00000| Untracked |  0

Card table byte_map: [0x000001ea1cca0000,0x000001ea1d480000] _byte_map_base: 0x000001ea1947e000

Marking Bits: (CMBitMap*) 0x000001ea0f9e10a0
 Bits: [0x000001ea1d480000, 0x000001ea21370000)

Polling page: 0x000001ea0db10000

Metaspace:

Usage:
  Non-class:      5.72 MB used.
      Class:    703.60 KB used.
       Both:      6.41 MB used.

Virtual space:
  Non-class space:       64.00 MB reserved,       5.88 MB (  9%) committed,  1 nodes.
      Class space:        1.00 GB reserved,     832.00 KB ( <1%) committed,  1 nodes.
             Both:        1.06 GB reserved,       6.69 MB ( <1%) committed. 

Chunk freelists:
   Non-Class:  10.11 MB
       Class:  15.22 MB
        Both:  25.34 MB

MaxMetaspaceSize: unlimited
CompressedClassSpaceSize: 1.00 GB
Initial GC threshold: 21.00 MB
Current GC threshold: 21.00 MB
CDS: on
 - commit_granule_bytes: 65536.
 - commit_granule_words: 8192.
 - virtual_space_node_default_size: 8388608.
 - enlarge_chunks_in_place: 1.
UseCompressedClassPointers 1, UseCompactObjectHeaders 0
Narrow klass pointer bits 32, Max shift 3
Narrow klass base: 0x000001ea24000000, Narrow klass shift: 0
Encoding Range: [0x000001ea24000000 - 0x000001eb24000000), (4294967296 bytes)
Klass Range:    [0x000001ea24000000 - 0x000001ea65000000), (1090519040 bytes)
Klass ID Range:  [8 - 1090519033) (1090519025)


Internal statistics:

num_allocs_failed_limit: 0.
num_arena_births: 126.
num_arena_deaths: 0.
num_vsnodes_births: 2.
num_vsnodes_deaths: 0.
num_space_committed: 107.
num_space_uncommitted: 0.
num_chunks_returned_to_freelist: 0.
num_chunks_taken_from_freelist: 169.
num_chunk_merges: 0.
num_chunk_splits: 98.
num_chunks_enlarged: 32.
num_inconsistent_stats: 0.

CodeCache: size=49152Kb used=5056Kb max_used=5056Kb free=44096Kb
 bounds [0x000001ea18e60000, 0x000001ea19350000, 0x000001ea1be60000]
 total_blobs=2312, nmethods=1834, adapters=401, full_count=0
Compilation: enabled, stopped_count=0, restarted_count=0

Compilation events (20 events):
Event: 7.626 Thread 0x000001ea6adf2610 nmethod 1766 0x000001ea1933c688 code [0x000001ea1933c780, 0x000001ea1933c848]
Event: 7.626 Thread 0x000001ea23d30a20 1768       1       jdk.jfr.internal.SettingsManager$InternalSetting::getValues (35 bytes)
Event: 7.626 Thread 0x000001ea69823770 1769       1       jdk.jfr.internal.Control::apply (10 bytes)
Event: 7.626 Thread 0x000001ea6adf2610 1770       1       jdk.jfr.internal.Control::findCombine (121 bytes)
Event: 7.626 Thread 0x000001ea69823770 nmethod 1769 0x000001ea1933c988 code [0x000001ea1933caa0, 0x000001ea1933cbc0]
Event: 7.626 Thread 0x000001ea23d30a20 nmethod 1768 0x000001ea1933cc88 code [0x000001ea1933cdc0, 0x000001ea1933cfe0]
Event: 7.627 Thread 0x000001ea6adf2610 nmethod 1770 0x000001ea1933d008 code [0x000001ea1933d1c0, 0x000001ea1933d988]
Event: 7.627 Thread 0x000001ea23e224a0 nmethod 1767 0x000001ea1933da08 code [0x000001ea1933dc00, 0x000001ea1933e2c8]
Event: 7.631 Thread 0x000001ea69823770 1771       1       jdk.jfr.internal.periodic.EventTask::getEventType (5 bytes)
Event: 7.632 Thread 0x000001ea69823770 nmethod 1771 0x000001ea1933e388 code [0x000001ea1933e480, 0x000001ea1933e548]
Event: 7.632 Thread 0x000001ea23e224a0 1772       1       jdk.internal.classfile.impl.DirectClassBuilder::with (9 bytes)
Event: 7.632 Thread 0x000001ea69823770 1773       1       jdk.internal.classfile.impl.DirectClassBuilder::with (33 bytes)
Event: 7.632 Thread 0x000001ea69823770 nmethod 1773 0x000001ea1933e688 code [0x000001ea1933e7e0, 0x000001ea1933eac8]
Event: 7.632 Thread 0x000001ea23e224a0 nmethod 1772 0x000001ea1933eb08 code [0x000001ea1933ec60, 0x000001ea1933efb0]
Event: 7.633 Thread 0x000001ea69823770 1774       1       jdk.jfr.internal.periodic.PeriodicTask::getPeriod (5 bytes)
Event: 7.633 Thread 0x000001ea69823770 nmethod 1774 0x000001ea1933f008 code [0x000001ea1933f100, 0x000001ea1933f1c8]
Event: 7.633 Thread 0x000001ea23e224a0 1775       1       java.util.Comparator$$Lambda/0x000001ea25016250::compare (10 bytes)
Event: 7.633 Thread 0x000001ea23e224a0 nmethod 1775 0x000001ea1933f308 code [0x000001ea1933f440, 0x000001ea1933f640]
Event: 7.633 Thread 0x000001ea23e224a0 1776       1       java.util.Comparator::lambda$comparingLong$6043328a$1 (18 bytes)
Event: 7.633 Thread 0x000001ea23e224a0 nmethod 1776 0x000001ea1933f688 code [0x000001ea1933f7c0, 0x000001ea1933f980]

GC Heap History (0 events):
No events

Dll operation events (10 events):
Event: 0.046 Loaded shared library C:\Users\ryanb\.jdks\openjdk-24.0.1\bin\java.dll
Event: 0.147 Loaded shared library C:\Users\ryanb\.jdks\openjdk-24.0.1\bin\zip.dll
Event: 0.149 Loaded shared library C:\Users\ryanb\.jdks\openjdk-24.0.1\bin\instrument.dll
Event: 0.154 Loaded shared library C:\Users\ryanb\.jdks\openjdk-24.0.1\bin\net.dll
Event: 0.155 Loaded shared library C:\Users\ryanb\.jdks\openjdk-24.0.1\bin\nio.dll
Event: 0.291 Loaded shared library C:\Users\ryanb\.jdks\openjdk-24.0.1\bin\zip.dll
Event: 0.296 Loaded shared library C:\Users\ryanb\.jdks\openjdk-24.0.1\bin\jimage.dll
Event: 7.240 Loaded shared library C:\Users\ryanb\.jdks\openjdk-24.0.1\bin\extnet.dll
Event: 7.276 Loaded shared library C:\Users\ryanb\.jdks\openjdk-24.0.1\bin\management.dll
Event: 7.288 Loaded shared library C:\Users\ryanb\.jdks\openjdk-24.0.1\bin\management_ext.dll

Deoptimization events (0 events):
No events

Classes loaded (20 events):
Event: 7.615 Loading class sun/rmi/transport/ConnectionOutputStream
Event: 7.615 Loading class sun/rmi/server/MarshalOutputStream
Event: 7.615 Loading class sun/rmi/server/MarshalOutputStream done
Event: 7.615 Loading class sun/rmi/transport/ConnectionOutputStream done
Event: 7.615 Loading class jdk/internal/agent/ConnectorAddressLink
Event: 7.616 Loading class jdk/internal/agent/ConnectorAddressLink done
Event: 7.616 Loading class sun/management/counter/Units
Event: 7.616 Loading class sun/management/counter/Units done
Event: 7.619 Loading class jdk/jfr/internal/consumer/RepositoryFiles
Event: 7.619 Loading class jdk/jfr/internal/consumer/RepositoryFiles done
Event: 7.622 Loading class jdk/jfr/internal/SettingsManager$InternalSetting
Event: 7.622 Loading class jdk/jfr/internal/SettingsManager$InternalSetting done
Event: 7.624 Loading class jdk/jfr/internal/util/Rate
Event: 7.624 Loading class jdk/jfr/internal/util/Rate done
Event: 7.624 Loading class jdk/jfr/internal/util/TimespanUnit
Event: 7.624 Loading class jdk/jfr/internal/util/TimespanUnit done
Event: 7.625 Loading class jdk/jfr/internal/util/ValueParser
Event: 7.625 Loading class jdk/jfr/internal/util/ValueParser done
Event: 7.627 Loading class jdk/jfr/internal/periodic/PeriodicType
Event: 7.627 Loading class jdk/jfr/internal/periodic/PeriodicType done

Classes unloaded (0 events):
No events

Classes redefined (0 events):
No events

Internal exceptions (20 events):
Event: 7.237 Thread 0x000001ea69400400 Exception <a 'java/lang/NoSuchMethodError'{0x0000000713204f38}: 'java.lang.Object java.lang.invoke.DirectMethodHandle$Holder.invokeStaticInit(java.lang.Object)'> (0x0000000713204f38) 
thrown [s\open\src\hotspot\share\interpreter\linkResolver.cpp, line 805]
Event: 7.243 Thread 0x000001ea69400400 Exception <a 'java/lang/NoSuchMethodError'{0x000000071320f850}: 'void java.lang.invoke.DirectMethodHandle$Holder.invokeStatic(java.lang.Object, java.lang.Object)'> (0x000000071320f850) 
thrown [s\open\src\hotspot\share\interpreter\linkResolver.cpp, line 805]
Event: 7.292 Thread 0x000001ea23d2e890 Exception <a 'java/lang/NoSuchMethodError'{0x00000007133f7cb0}: 'int java.lang.invoke.DirectMethodHandle$Holder.invokeInterface(java.lang.Object, java.lang.Object)'> (0x00000007133f7cb0) 
thrown [s\open\src\hotspot\share\interpreter\linkResolver.cpp, line 805]
Event: 7.293 Thread 0x000001ea23d2e890 Exception <a 'java/lang/IncompatibleClassChangeError'{0x00000007133ff930}: Found class java.lang.Object, but interface was expected> (0x00000007133ff930) 
thrown [s\open\src\hotspot\share\interpreter\linkResolver.cpp, line 872]
Event: 7.335 Thread 0x000001ea23d2e890 Exception <a 'java/lang/NoSuchMethodError'{0x0000000713093340}: 'void java.lang.invoke.DirectMethodHandle$Holder.invokeSpecial(java.lang.Object, java.lang.Object, java.lang.Object)'> (0x0000000713093340) 
thrown [s\open\src\hotspot\share\interpreter\linkResolver.cpp, line 805]
Event: 7.344 Thread 0x000001ea0f979580 Exception <a 'java/lang/NoSuchMethodError'{0x0000000712e10048}: 'void java.lang.invoke.DirectMethodHandle$Holder.invokeStaticInit(java.lang.Object)'> (0x0000000712e10048) 
thrown [s\open\src\hotspot\share\interpreter\linkResolver.cpp, line 805]
Event: 7.353 Thread 0x000001ea23d2e890 Exception <a 'java/lang/NoSuchMethodError'{0x0000000712ef7638}: 'int java.lang.invoke.DirectMethodHandle$Holder.invokeSpecial(java.lang.Object, java.lang.Object, java.lang.Object)'> (0x0000000712ef7638) 
thrown [s\open\src\hotspot\share\interpreter\linkResolver.cpp, line 805]
Event: 7.356 Thread 0x000001ea0f979580 Exception <a 'java/lang/NoSuchMethodError'{0x0000000712e6e7d0}: 'java.lang.Object java.lang.invoke.DirectMethodHandle$Holder.newInvokeSpecial(java.lang.Object, java.lang.Object, java.lang.Object, java.lang.Object, java.lang.Object)'> (0x0000000712e6e7d0) 
thrown [s\open\src\hotspot\share\interpreter\linkResolver.cpp, line 805]
Event: 7.413 Thread 0x000001ea0f979580 Exception <a 'java/lang/NoSuchMethodError'{0x0000000712cfa240}: 'long java.lang.invoke.DirectMethodHandle$Holder.invokeVirtual(java.lang.Object, java.lang.Object)'> (0x0000000712cfa240) 
thrown [s\open\src\hotspot\share\interpreter\linkResolver.cpp, line 805]
Event: 7.531 Thread 0x000001ea23d2e890 Exception <a 'java/lang/NoSuchMethodError'{0x00000007122248f0}: 'java.lang.Object java.lang.invoke.DirectMethodHandle$Holder.invokeStaticInit(java.lang.Object, int, int, int, int)'> (0x00000007122248f0) 
thrown [s\open\src\hotspot\share\interpreter\linkResolver.cpp, line 805]
Event: 7.561 Thread 0x000001ea0f979580 Exception <a 'java/lang/NoSuchMethodError'{0x0000000712305910}: 'void java.lang.invoke.DirectMethodHandle$Holder.invokeSpecial(java.lang.Object, java.lang.Object, int)'> (0x0000000712305910) 
thrown [s\open\src\hotspot\share\interpreter\linkResolver.cpp, line 805]
Event: 7.561 Thread 0x000001ea0f979580 Exception <a 'java/lang/NoSuchMethodError'{0x000000071230d530}: 'void java.lang.invoke.Invokers$Holder.invokeExact_MT(java.lang.Object, int, java.lang.Object)'> (0x000000071230d530) 
thrown [s\open\src\hotspot\share\interpreter\linkResolver.cpp, line 805]
Event: 7.564 Thread 0x000001ea0f979580 Exception <a 'java/lang/NoSuchMethodError'{0x0000000712327de0}: 'void java.lang.invoke.DirectMethodHandle$Holder.invokeStatic(java.lang.Object, java.lang.Object, int)'> (0x0000000712327de0) 
thrown [s\open\src\hotspot\share\interpreter\linkResolver.cpp, line 805]
Event: 7.565 Thread 0x000001ea0f979580 Exception <a 'java/lang/NoSuchMethodError'{0x0000000712336ed0}: 'java.lang.Object java.lang.invoke.DirectMethodHandle$Holder.newInvokeSpecial(java.lang.Object, java.lang.Object, int)'> (0x0000000712336ed0) 
thrown [s\open\src\hotspot\share\interpreter\linkResolver.cpp, line 805]
Event: 7.578 Thread 0x000001ea23d2e890 Exception <a 'java/lang/NoSuchMethodError'{0x00000007122f0578}: 'java.lang.Object java.lang.invoke.DirectMethodHandle$Holder.invokeStaticInit(java.lang.Object, java.lang.Object, int, int, int, int)'> (0x00000007122f0578) 
thrown [s\open\src\hotspot\share\interpreter\linkResolver.cpp, line 805]
Event: 7.579 Thread 0x000001ea0f979580 Exception <a 'sun/nio/fs/WindowsException'{0x000000071236b2e8}> (0x000000071236b2e8) 
thrown [s\open\src\hotspot\share\prims\jni.cpp, line 518]
Event: 7.582 Thread 0x000001ea0f979580 Exception <a 'sun/nio/fs/WindowsException'{0x00000007123780c0}> (0x00000007123780c0) 
thrown [s\open\src\hotspot\share\prims\jni.cpp, line 518]
Event: 7.588 Thread 0x000001ea0f979580 Exception <a 'sun/nio/fs/WindowsException'{0x0000000712389e48}> (0x0000000712389e48) 
thrown [s\open\src\hotspot\share\prims\jni.cpp, line 518]
Event: 7.595 Thread 0x000001ea23d2e890 Exception <a 'java/lang/ClassNotFoundException'{0x0000000712014760}: javax/management/remote/rmi/RMIServerImpl_Skel> (0x0000000712014760) 
thrown [s\open\src\hotspot\share\classfile\systemDictionary.cpp, line 327]
Event: 7.610 Thread 0x000001ea23d2e890 Exception <a 'java/lang/NoSuchMethodError'{0x0000000712025f38}: 'long java.lang.invoke.Invokers$Holder.invokeExact_MT(java.lang.Object, java.lang.Object)'> (0x0000000712025f38) 
thrown [s\open\src\hotspot\share\interpreter\linkResolver.cpp, line 805]

VM Operations (12 events):
Event: 0.136 Executing VM operation: HandshakeAllThreads (Deoptimize)
Event: 0.136 Executing VM operation: HandshakeAllThreads (Deoptimize) done
Event: 0.303 Executing VM operation: HandshakeAllThreads (Deoptimize)
Event: 0.303 Executing VM operation: HandshakeAllThreads (Deoptimize) done
Event: 7.488 Executing VM operation: HandshakeAllThreads (Deoptimize)
Event: 7.489 Executing VM operation: HandshakeAllThreads (Deoptimize) done
Event: 7.577 Executing VM operation: HandshakeAllThreads (Deoptimize)
Event: 7.577 Executing VM operation: HandshakeAllThreads (Deoptimize) done
Event: 7.579 Executing VM operation: HandshakeAllThreads (Deoptimize)
Event: 7.579 Executing VM operation: HandshakeAllThreads (Deoptimize) done
Event: 7.620 Executing VM operation: JFRSafepointClear
Event: 7.620 Executing VM operation: JFRSafepointClear done

Memory protections (0 events):
No events

Nmethod flushes (0 events):
No events

Events (20 events):
Event: 0.059 Thread 0x000001ea0f979580 Thread added: 0x000001ea0f979580
Event: 0.072 Thread 0x000001ea0f979580 Thread added: 0x000001ea23d288a0
Event: 0.072 Thread 0x000001ea0f979580 Thread added: 0x000001ea23d291e0
Event: 0.072 Thread 0x000001ea0f979580 Thread added: 0x000001ea23d2bc20
Event: 0.072 Thread 0x000001ea0f979580 Thread added: 0x000001ea23d2e890
Event: 0.072 Thread 0x000001ea0f979580 Thread added: 0x000001ea23d2f3c0
Event: 0.072 Thread 0x000001ea0f979580 Thread added: 0x000001ea23d2fef0
Event: 0.072 Thread 0x000001ea0f979580 Thread added: 0x000001ea23d30a20
Event: 0.136 Thread 0x000001ea23d30a20 Thread added: 0x000001ea23e224a0
Event: 0.136 Thread 0x000001ea23e224a0 Thread added: 0x000001ea23e25ae0
Event: 0.152 Thread 0x000001ea0f979580 Thread added: 0x000001ea23e88ef0
Event: 0.287 Thread 0x000001ea23e25ae0 Thread added: 0x000001ea23eac2d0
Event: 1.719 Thread 0x000001ea23eac2d0 Thread exited: 0x000001ea23eac2d0
Event: 1.719 Thread 0x000001ea23e25ae0 Thread exited: 0x000001ea23e25ae0
Event: 7.224 Thread 0x000001ea0f979580 Thread added: 0x000001ea69400400
Event: 7.309 Thread 0x000001ea23e224a0 Thread added: 0x000001ea69823770
Event: 7.339 Thread 0x000001ea0f979580 Thread added: 0x000001ea6a8bd7a0
Event: 7.410 Thread 0x000001ea69823770 Thread added: 0x000001ea6adf2610
Event: 7.566 Thread 0x000001ea0f979580 Thread added: 0x000001ea6aef3df0
Event: 7.602 Thread 0x000001ea23d2e890 Thread added: 0x000001ea6aec6420


Dynamic libraries:
0x00007ff7db0a0000 - 0x00007ff7db0ae000 	C:\Users\ryanb\.jdks\openjdk-24.0.1\bin\java.exe
0x00007ffcc1e40000 - 0x00007ffcc20a8000 	C:\WINDOWS\SYSTEM32\ntdll.dll
0x00007ffcc0700000 - 0x00007ffcc07c9000 	C:\WINDOWS\System32\KERNEL32.DLL
0x00007ffcbf600000 - 0x00007ffcbf9ed000 	C:\WINDOWS\System32\KERNELBASE.dll
0x00007ffcbfa90000 - 0x00007ffcbfbdb000 	C:\WINDOWS\System32\ucrtbase.dll
0x00007ffcbae10000 - 0x00007ffcbae2b000 	C:\Users\ryanb\.jdks\openjdk-24.0.1\bin\VCRUNTIME140.dll
0x00007ffcbae30000 - 0x00007ffcbae46000 	C:\Users\ryanb\.jdks\openjdk-24.0.1\bin\jli.dll
0x00007ffcbfc70000 - 0x00007ffcbfe3c000 	C:\WINDOWS\System32\USER32.dll
0x00007ffcbe180000 - 0x00007ffcbe41a000 	C:\WINDOWS\WinSxS\amd64_microsoft.windows.common-controls_6595b64144ccf1df_6.0.26100.4484_none_3e0e6d4ce32ef3b3\COMCTL32.dll
0x00007ffcbf450000 - 0x00007ffcbf477000 	C:\WINDOWS\System32\win32u.dll
0x00007ffcc0440000 - 0x00007ffcc04e9000 	C:\WINDOWS\System32\msvcrt.dll
0x00007ffcc12f0000 - 0x00007ffcc131b000 	C:\WINDOWS\System32\GDI32.dll
0x00007ffcbef90000 - 0x00007ffcbf0c7000 	C:\WINDOWS\System32\gdi32full.dll
0x00007ffcbf220000 - 0x00007ffcbf2c3000 	C:\WINDOWS\System32\msvcp_win.dll
0x00007ffcc08e0000 - 0x00007ffcc090f000 	C:\WINDOWS\System32\IMM32.DLL
0x00007ffcb8eb0000 - 0x00007ffcb8ebc000 	C:\Users\ryanb\.jdks\openjdk-24.0.1\bin\vcruntime140_1.dll
0x00007ffca1510000 - 0x00007ffca159e000 	C:\Users\ryanb\.jdks\openjdk-24.0.1\bin\msvcp140.dll
0x00007ffc2b310000 - 0x00007ffc2c0b2000 	C:\Users\ryanb\.jdks\openjdk-24.0.1\bin\server\jvm.dll
0x00007ffcc0820000 - 0x00007ffcc08d4000 	C:\WINDOWS\System32\ADVAPI32.dll
0x00007ffcc1d50000 - 0x00007ffcc1df6000 	C:\WINDOWS\System32\sechost.dll
0x00007ffcc0e40000 - 0x00007ffcc0f58000 	C:\WINDOWS\System32\RPCRT4.dll
0x00007ffcc05e0000 - 0x00007ffcc0654000 	C:\WINDOWS\System32\WS2_32.dll
0x00007ffcbede0000 - 0x00007ffcbee3e000 	C:\WINDOWS\SYSTEM32\POWRPROF.dll
0x00007ffcb5ea0000 - 0x00007ffcb5ed5000 	C:\WINDOWS\SYSTEM32\WINMM.dll
0x00007ffcae6c0000 - 0x00007ffcae6cb000 	C:\WINDOWS\SYSTEM32\VERSION.dll
0x00007ffcbedc0000 - 0x00007ffcbedd4000 	C:\WINDOWS\SYSTEM32\UMPDC.dll
0x00007ffcbd3b0000 - 0x00007ffcbd3cb000 	C:\WINDOWS\SYSTEM32\kernel.appcore.dll
0x00007ffcb8ea0000 - 0x00007ffcb8eaa000 	C:\Users\ryanb\.jdks\openjdk-24.0.1\bin\jimage.dll
0x00007ffcbe740000 - 0x00007ffcbe981000 	C:\WINDOWS\SYSTEM32\DBGHELP.DLL
0x00007ffcc0f60000 - 0x00007ffcc12e6000 	C:\WINDOWS\System32\combase.dll
0x00007ffcc04f0000 - 0x00007ffcc05d0000 	C:\WINDOWS\System32\OLEAUT32.dll
0x00007ffcbe620000 - 0x00007ffcbe663000 	C:\WINDOWS\SYSTEM32\dbgcore.DLL
0x00007ffcbf9f0000 - 0x00007ffcbfa89000 	C:\WINDOWS\System32\bcryptPrimitives.dll
0x00007ffcb8c00000 - 0x00007ffcb8c0f000 	C:\Users\ryanb\.jdks\openjdk-24.0.1\bin\instrument.dll
0x00007ffcb8c90000 - 0x00007ffcb8cae000 	C:\Users\ryanb\.jdks\openjdk-24.0.1\bin\java.dll
0x00007ffcbfe40000 - 0x00007ffcbffde000 	C:\WINDOWS\System32\ole32.dll
0x00007ffcc1320000 - 0x00007ffcc1a6a000 	C:\WINDOWS\System32\SHELL32.dll
0x00007ffcbf480000 - 0x00007ffcbf5f4000 	C:\WINDOWS\System32\wintypes.dll
0x00007ffc2b030000 - 0x00007ffc2b228000 	C:\Users\ryanb\AppData\Local\Temp\idea_libasyncProfiler_dll_temp_folder11\libasyncProfiler.dll
0x00007ffcbc120000 - 0x00007ffcbc97b000 	C:\WINDOWS\SYSTEM32\windows.storage.dll
0x00007ffcc0000000 - 0x00007ffcc00f5000 	C:\WINDOWS\System32\SHCORE.dll
0x00007ffcc0690000 - 0x00007ffcc06fa000 	C:\WINDOWS\System32\shlwapi.dll
0x00007ffcbeea0000 - 0x00007ffcbeecf000 	C:\WINDOWS\SYSTEM32\profapi.dll
0x00007ffcb87e0000 - 0x00007ffcb87f7000 	C:\Users\ryanb\.jdks\openjdk-24.0.1\bin\zip.dll
0x00007ffcb8bf0000 - 0x00007ffcb8c00000 	C:\Users\ryanb\.jdks\openjdk-24.0.1\bin\net.dll
0x00007ffcbd8e0000 - 0x00007ffcbd94a000 	C:\WINDOWS\system32\mswsock.dll
0x00007ffcb8bd0000 - 0x00007ffcb8be6000 	C:\Users\ryanb\.jdks\openjdk-24.0.1\bin\nio.dll
0x00007ffcafa10000 - 0x00007ffcafa19000 	C:\Users\ryanb\.jdks\openjdk-24.0.1\bin\extnet.dll
0x00007ffcbce90000 - 0x00007ffcbcfb6000 	C:\WINDOWS\SYSTEM32\DNSAPI.dll
0x00007ffcbce00000 - 0x00007ffcbce33000 	C:\WINDOWS\SYSTEM32\IPHLPAPI.DLL
0x00007ffcbfff0000 - 0x00007ffcbfffa000 	C:\WINDOWS\System32\NSI.dll
0x00007ffcb5be0000 - 0x00007ffcb5beb000 	C:\Windows\System32\rasadhlp.dll
0x00007ffcb8980000 - 0x00007ffcb8a06000 	C:\WINDOWS\System32\fwpuclnt.dll
0x00007ffcae7a0000 - 0x00007ffcae7aa000 	C:\Users\ryanb\.jdks\openjdk-24.0.1\bin\management.dll
0x00007ffcae790000 - 0x00007ffcae79b000 	C:\Users\ryanb\.jdks\openjdk-24.0.1\bin\management_ext.dll
0x00007ffcc0430000 - 0x00007ffcc0438000 	C:\WINDOWS\System32\PSAPI.DLL
0x00007ffcbeab0000 - 0x00007ffcbeacb000 	C:\WINDOWS\SYSTEM32\CRYPTSP.dll
0x00007ffcbdd80000 - 0x00007ffcbddbb000 	C:\WINDOWS\system32\rsaenh.dll
0x00007ffcbd950000 - 0x00007ffcbd97b000 	C:\WINDOWS\SYSTEM32\USERENV.dll
0x00007ffcbee70000 - 0x00007ffcbee96000 	C:\WINDOWS\SYSTEM32\bcrypt.dll
0x00007ffcbdd70000 - 0x00007ffcbdd7c000 	C:\WINDOWS\SYSTEM32\CRYPTBASE.dll
0x00007ffc60370000 - 0x00007ffc60388000 	C:\WINDOWS\system32\napinsp.dll
0x00007ffc60350000 - 0x00007ffc60362000 	C:\WINDOWS\System32\winrnr.dll
0x00007ffc60310000 - 0x00007ffc60340000 	C:\WINDOWS\system32\nlansp_c.dll
0x00007ffc91f60000 - 0x00007ffc91f80000 	C:\WINDOWS\system32\wshbth.dll

JVMTI agents:
C:\Program Files\JetBrains\IntelliJ IDEA 2025.1.2\lib\idea_rt.jar path:C:\Users\ryanb\.jdks\openjdk-24.0.1\bin\instrument.dll, loaded, initialized, instrumentlib options:50812
C:\Users\ryanb\AppData\Local\Temp\idea_libasyncProfiler_dll_temp_folder11\libasyncProfiler.dll path:C:\Users\ryanb\AppData\Local\Temp\idea_libasyncProfiler_dll_temp_folder11\libasyncProfiler.dll, loaded, initialized, options:start,jfr,event=wall,interval=10ms,jfrsync=profile,cstack=no,file=C:\Users\ryanb\IdeaSnapshots\AplicativoWebApplication_2025_07_13_122534.jfr,dbghelppath=C:\Users\ryanb\AppData\Local\Temp\idea_dbghelp_dll_temp_folder5\dbghelp.dll,log=C:\Users\ryanb\AppData\Local\Temp\AplicativoWebApplication_2025_07_13_122534.jfr.log.txt,logLevel=DEBUG

dbghelp: loaded successfully - version: 4.0.5 - missing functions: none
symbol engine: initialized successfully - sym options: 0x614 - pdb path: .;C:\Users\ryanb\.jdks\openjdk-24.0.1\bin;C:\WINDOWS\SYSTEM32;C:\WINDOWS\WinSxS\amd64_microsoft.windows.common-controls_6595b64144ccf1df_6.0.26100.4484_none_3e0e6d4ce32ef3b3;C:\Users\ryanb\.jdks\openjdk-24.0.1\bin\server;C:\Users\ryanb\AppData\Local\Temp\idea_libasyncProfiler_dll_temp_folder11

VM Arguments:
jvm_args: -XX:TieredStopAtLevel=1 -Dspring.output.ansi.enabled=always -Dcom.sun.management.jmxremote -Dspring.jmx.enabled=true -Dspring.liveBeansView.mbeanDomain -Dspring.application.admin.enabled=true -Dmanagement.endpoints.jmx.exposure.include=* -javaagent:C:\Program Files\JetBrains\IntelliJ IDEA 2025.1.2\lib\idea_rt.jar=50812 -agentpath:C:\Users\ryanb\AppData\Local\Temp\idea_libasyncProfiler_dll_temp_folder11\libasyncProfiler.dll=start,jfr,event=wall,interval=10ms,jfrsync=profile,cstack=no,file=C:\Users\ryanb\IdeaSnapshots\AplicativoWebApplication_2025_07_13_122534.jfr,dbghelppath=C:\Users\ryanb\AppData\Local\Temp\idea_dbghelp_dll_temp_folder5\dbghelp.dll,log=C:\Users\ryanb\AppData\Local\Temp\AplicativoWebApplication_2025_07_13_122534.jfr.log.txt,logLevel=DEBUG -Dfile.encoding=UTF-8 -Dsun.stdout.encoding=UTF-8 -Dsun.stderr.encoding=UTF-8 
java_command: com.example.Aplicativo_web.AplicativoWebApplicationKt
java_class_path (initial): C:\Users\ryanb\Desktop\Aplicativo_web\target\classes;C:\Users\ryanb\.m2\repository\org\springframework\boot\spring-boot-starter-data-jpa\3.5.0\spring-boot-starter-data-jpa-3.5.0.jar;C:\Users\ryanb\.m2\repository\org\springframework\boot\spring-boot-starter\3.5.0\spring-boot-starter-3.5.0.jar;C:\Users\ryanb\.m2\repository\org\springframework\boot\spring-boot\3.5.0\spring-boot-3.5.0.jar;C:\Users\ryanb\.m2\repository\org\springframework\boot\spring-boot-autoconfigure\3.5.0\spring-boot-autoconfigure-3.5.0.jar;C:\Users\ryanb\.m2\repository\org\springframework\boot\spring-boot-starter-logging\3.5.0\spring-boot-starter-logging-3.5.0.jar;C:\Users\ryanb\.m2\repository\ch\qos\logback\logback-classic\1.5.18\logback-classic-1.5.18.jar;C:\Users\ryanb\.m2\repository\ch\qos\logback\logback-core\1.5.18\logback-core-1.5.18.jar;C:\Users\ryanb\.m2\repository\org\apache\logging\log4j\log4j-to-slf4j\2.24.3\log4j-to-slf4j-2.24.3.jar;C:\Users\ryanb\.m2\repository\org\apache\logging\log4j\log4j-api\2.24.3\log4j-api-2.24.3.jar;C:\Users\ryanb\.m2\repository\org\slf4j\jul-to-slf4j\2.0.17\jul-to-slf4j-2.0.17.jar;C:\Users\ryanb\.m2\repository\jakarta\annotation\jakarta.annotation-api\2.1.1\jakarta.annotation-api-2.1.1.jar;C:\Users\ryanb\.m2\repository\org\yaml\snakeyaml\2.4\snakeyaml-2.4.jar;C:\Users\ryanb\.m2\repository\org\springframework\boot\spring-boot-starter-jdbc\3.5.0\spring-boot-starter-jdbc-3.5.0.jar;C:\Users\ryanb\.m2\repository\com\zaxxer\HikariCP\6.3.0\HikariCP-6.3.0.jar;C:\Users\ryanb\.m2\repository\org\springframework\spring-jdbc\6.2.7\spring-jdbc-6.2.7.jar;C:\Users\ryanb\.m2\repository\org\hibernate\orm\hibernate-core\6.6.15.Final\hibernate-core-6.6.15.Final.jar;C:\Users\ryanb\.m2\repository\jakarta\persistence\jakarta.persistence-api\3.1.0\jakarta.persistence-api-3.1.0.jar;C:\Users\ryanb\.m2\repository\jakarta\transaction\jakarta.transaction-api\2.0.1\jakarta.transaction-api-2.0.1.jar;C:\Users\ryanb\.m2\repository\org\jboss\logging\jboss-logging\3.6.1.Final\jboss-logging-3.6.1.Final.jar;C:\Users\ryanb\.m2\repository\org\hibernate\common\hibernate-commons-annotations\7.0.3.Final\hibernate-commons-annotations-7.0.3.Final.jar;C:\Users\ryanb\.m2\repository\io\smallrye\jandex\3.2.0\jandex-3.2.0.jar;C:\Users\ryanb\.m2\repository\com\fasterxml\classmate\1.7.0\classmate-1.7.0.jar;C:\Users\ryanb\.m2\repository\net\bytebuddy\byte-buddy\1.17.5\byte-buddy-1.17.5.jar;C:\Users\ryanb\.m2\repository\org\glassfish\jaxb\jaxb-runtime\4.0.5\jaxb-runtime-4.0.5.jar;C:\Users\ryanb\.m2\repository\org\glassfish\jaxb\jaxb-core\4.0.5\jaxb-core-4.0.5.jar;C:\Users\ryanb\.m2\repository\org\eclipse\angus\angus-activation\2.0.2\angus-activation-2.0.2.jar;C:\Users\ryanb\.m2\repository\org\glassfish\jaxb\txw2\4.0.5\txw2-4.0.5.jar;C:\Users\ryanb\.m2\repository\com\sun\istack\istack-commons-runtime\4.1.2\istack-commons-runtime-4.1.2.jar;C:\Users\ryanb\.m2\repository\jakarta\inject\jakarta.inject-api\2.0.1\jakarta.inject-api-2.0.1.jar;C:\Users\ryanb\.m2\repository\org\antlr\antlr4-runtime\4.13.0\antlr4-runtime-4.13.0.jar;C:\Users\ryanb\.m2\repository\org\springframework\data\spring-data-jpa\3.5.0\spring-data-jpa-3.5.0.jar;C:\Users\ryanb\.m2\repository\org\springframework\data\spring-data-commons\3.5.0\spring-data-commons-3.5.0.jar;C:\Users\ryanb\.m2\repository\org\springframework\spring-orm\6.2.7\spring-orm-6.2.7.jar;C:\Users\ryanb\.m2\repository\org\springframework\spring-context\6.2.7\spring-context-6.2.7.jar;C:\Users\ryanb\.m2\repository\org\springframework\spring-tx\6.2.7\spring-tx-6.2.7.jar;C:\Users\ryanb\.m2\repository\org\springframework\spring-beans\6.2.7\spring-beans-6.2.7.jar;C:\Users\ryanb\.m2\repository\org\slf4j\slf4j-api\2.0.17\slf4j-api-2.0.17.jar;C:\Users\ryanb\.m2\repository\org\springframework\spring-aspects\6.2.7\spring-aspects-6.2.7.jar;C:\Users\ryanb\.m2\repository\org\aspectj\aspectjweaver\1.9.24\aspectjweaver-1.9.24.jar;C:\Users\ryanb\.m2\repository\org\springframework\boot\spring-boot-starter-web\3.5.0\spring-boot-starter-web-3.5.0.jar;C:\Users\ryanb\.m2\repository\org\springframework\boot\spring-boot-starter-json\3.5.0\spring-boot-starter-json-3.5.0.jar;C:\Users\ryanb\.m2\repository\com\fasterxml\jackson\datatype\jackson-datatype-jdk8\2.19.0\jackson-datatype-jdk8-2.19.0.jar;C:\Users\ryanb\.m2\repository\com\fasterxml\jackson\module\jackson-module-parameter-names\2.19.0\jackson-module-parameter-names-2.19.0.jar;C:\Users\ryanb\.m2\repository\org\springframework\boot\spring-boot-starter-tomcat\3.5.0\spring-boot-starter-tomcat-3.5.0.jar;C:\Users\ryanb\.m2\repository\org\apache\tomcat\embed\tomcat-embed-core\10.1.41\tomcat-embed-core-10.1.41.jar;C:\Users\ryanb\.m2\repository\org\apache\tomcat\embed\tomcat-embed-el\10.1.41\tomcat-embed-el-10.1.41.jar;C:\Users\ryanb\.m2\repository\org\apache\tomcat\embed\tomcat-embed-websocket\10.1.41\tomcat-embed-websocket-10.1.41.jar;C:\Users\ryanb\.m2\repository\org\springframework\spring-web\6.2.7\spring-web-6.2.7.jar;C:\Users\ryanb\.m2\repository\io\micrometer\micrometer-observation\1.15.0\micrometer-observation-1.15.0.jar;C:\Users\ryanb\.m2\repository\io\micrometer\micrometer-commons\1.15.0\micrometer-commons-1.15.0.jar;C:\Users\ryanb\.m2\repository\org\springframework\spring-webmvc\6.2.7\spring-webmvc-6.2.7.jar;C:\Users\ryanb\.m2\repository\org\springframework\spring-expression\6.2.7\spring-expression-6.2.7.jar;C:\Users\ryanb\.m2\repository\com\fasterxml\jackson\module\jackson-module-kotlin\2.19.0\jackson-module-kotlin-2.19.0.jar;C:\Users\ryanb\.m2\repository\com\fasterxml\jackson\core\jackson-databind\2.19.0\jackson-databind-2.19.0.jar;C:\Users\ryanb\.m2\repository\com\fasterxml\jackson\core\jackson-core\2.19.0\jackson-core-2.19.0.jar;C:\Users\ryanb\.m2\repository\com\fasterxml\jackson\core\jackson-annotations\2.19.0\jackson-annotations-2.19.0.jar;C:\Users\ryanb\.m2\repository\org\flywaydb\flyway-core\11.7.2\flyway-core-11.7.2.jar;C:\Users\ryanb\.m2\repository\com\fasterxml\jackson\dataformat\jackson-dataformat-toml\2.19.0\jackson-dataformat-toml-2.19.0.jar;C:\Users\ryanb\.m2\repository\com\fasterxml\jackson\datatype\jackson-datatype-jsr310\2.19.0\jackson-datatype-jsr310-2.19.0.jar;C:\Users\ryanb\.m2\repository\org\flywaydb\flyway-database-postgresql\11.7.2\flyway-database-postgresql-11.7.2.jar;C:\Users\ryanb\.m2\repository\org\jetbrains\kotlin\kotlin-reflect\1.9.25\kotlin-reflect-1.9.25.jar;C:\Users\ryanb\.m2\repository\org\jetbrains\kotlin\kotlin-stdlib\1.9.25\kotlin-stdlib-1.9.25.jar;C:\Users\ryanb\.m2\repository\org\jetbrains\annotations\13.0\annotations-13.0.jar;C:\Users\ryanb\.m2\repository\org\springframework\boot\spring-boot-starter-security\3.5.0\spring-boot-starter-security-3.5.0.jar;C:\Users\ryanb\.m2\repository\org\springframework\spring-aop\6.2.7\spring-aop-6.2.7.jar;C:\Users\ryanb\.m2\repository\org\springframework\security\spring-security-config\6.5.0\spring-security-config-6.5.0.jar;C:\Users\ryanb\.m2\repository\org\springframework\security\spring-security-core\6.5.0\spring-security-core-6.5.0.jar;C:\Users\ryanb\.m2\repository\org\springframework\security\spring-security-crypto\6.5.0\spring-security-crypto-6.5.0.jar;C:\Users\ryanb\.m2\repository\org\springframework\security\spring-security-web\6.5.0\spring-security-web-6.5.0.jar;C:\Users\ryanb\.m2\repository\com\auth0\java-jwt\4.4.0\java-jwt-4.4.0.jar;C:\Users\ryanb\.m2\repository\org\postgresql\postgresql\42.7.5\postgresql-42.7.5.jar;C:\Users\ryanb\.m2\repository\org\checkerframework\checker-qual\3.48.3\checker-qual-3.48.3.jar;C:\Users\ryanb\.m2\repository\jakarta\xml\bind\jakarta.xml.bind-api\4.0.2\jakarta.xml.bind-api-4.0.2.jar;C:\Users\ryanb\.m2\repository\jakarta\activation\jakarta.activation-api\2.1.3\jakarta.activation-api-2.1.3.jar;C:\Users\ryanb\.m2\repository\org\springframework\spring-core\6.2.7\spring-core-6.2.7.jar;C:\Users\ryanb\.m2\repository\org\springframework\spring-jcl\6.2.7\spring-jcl-6.2.7.jar
Launcher Type: SUN_STANDARD

[Global flags]
     intx CICompilerCount                          = 4                                         {product} {ergonomic}
     uint ConcGCThreads                            = 2                                         {product} {ergonomic}
     bool FlightRecorder                           = true                                      {product} {management}
     uint G1ConcRefinementThreads                  = 8                                         {product} {ergonomic}
   size_t G1HeapRegionSize                         = 2097152                                   {product} {ergonomic}
   size_t InitialHeapSize                          = 264241152                                 {product} {ergonomic}
     bool ManagementServer                         = true                                      {product} {command line}
   size_t MarkStackSize                            = 4194304                                   {product} {ergonomic}
   size_t MarkStackSizeMax                         = 536870912                                 {product} {ergonomic}
   size_t MaxHeapSize                              = 4223664128                                {product} {ergonomic}
   size_t MaxNewSize                               = 2533359616                                {product} {ergonomic}
   size_t MinHeapDeltaBytes                        = 2097152                                   {product} {ergonomic}
   size_t MinHeapSize                              = 8388608                                   {product} {ergonomic}
    uintx NonNMethodCodeHeapSize                   = 4096                                   {pd product} {ergonomic}
    uintx NonProfiledCodeHeapSize                  = 0                                      {pd product} {ergonomic}
     bool ProfileInterpreter                       = false                                  {pd product} {command line}
    uintx ProfiledCodeHeapSize                     = 0                                      {pd product} {ergonomic}
   size_t SoftMaxHeapSize                          = 4223664128                             {manageable} {ergonomic}
     intx TieredStopAtLevel                        = 1                                         {product} {command line}
     bool UseCompressedOops                        = true                           {product lp64_product} {ergonomic}
     bool UseG1GC                                  = true                                      {product} {ergonomic}
     bool UseLargePagesIndividualAllocation        = false                                  {pd product} {ergonomic}

Logging:
Log output configuration:
 #0: stdout all=warning uptime,level,tags foldmultilines=false
 #1: stderr all=off uptime,level,tags foldmultilines=false

Environment Variables:
PATH=C:\Program Files (x86)\VMware\VMware Workstation\bin\;C:\WINDOWS\system32;C:\WINDOWS;C:\WINDOWS\System32\Wbem;C:\WINDOWS\System32\WindowsPowerShell\v1.0\;C:\WINDOWS\System32\OpenSSH\;C:\Program Files\nodejs\;C:\Program Files\Git\cmd;C:\Program Files\Docker\Docker\resources\bin;C:\Program Files\PuTTY\;C:\Users\ryanb\AppData\Local\Microsoft\WindowsApps;C:\Users\ryanb\AppData\Local\Programs\Microsoft VS Code\bin;C:\Program Files (x86)\Nmap;C:\Users\ryanb\AppData\Roaming\npm
USERNAME=ryanb
OS=Windows_NT
PROCESSOR_IDENTIFIER=Intel64 Family 6 Model 140 Stepping 1, GenuineIntel
TMP=C:\Users\ryanb\AppData\Local\Temp
TEMP=C:\Users\ryanb\AppData\Local\Temp




Periodic native trim disabled

---------------  S Y S T E M  ---------------

OS:
 Windows 11 , 64 bit Build 26100 (10.0.26100.4484)
OS uptime: 0 days 0:46 hours
Hyper-V role detected

CPU: total 8 (initial active 8) (4 cores per cpu, 2 threads per core) family 6 model 140 stepping 1 microcode 0xbc, cx8, cmov, fxsr, ht, mmx, 3dnowpref, sse, sse2, sse3, ssse3, sse4.1, sse4.2, popcnt, lzcnt, tsc, tscinvbit, avx, avx2, aes, erms, clmul, bmi1, bmi2, adx, avx512f, avx512dq, avx512cd, avx512bw, avx512vl, sha, fma, vzeroupper, avx512_vpopcntdq, avx512_vpclmulqdq, avx512_vaes, avx512_vnni, clflush, clflushopt, clwb, avx512_vbmi2, avx512_vbmi, hv, rdtscp, rdpid, fsrm, gfni, avx512_bitalg, f16c, cet_ibt, cet_ss, avx512_ifma
Processor Information for processor 0
  Max Mhz: 2419, Current Mhz: 2419, Mhz Limit: 2419
Processor Information for processor 1
  Max Mhz: 2419, Current Mhz: 2419, Mhz Limit: 2419
Processor Information for processor 2
  Max Mhz: 2419, Current Mhz: 2419, Mhz Limit: 2419
Processor Information for processor 3
  Max Mhz: 2419, Current Mhz: 1209, Mhz Limit: 2419
Processor Information for processor 4
  Max Mhz: 2419, Current Mhz: 2419, Mhz Limit: 2419
Processor Information for processor 5
  Max Mhz: 2419, Current Mhz: 2419, Mhz Limit: 2419
Processor Information for processor 6
  Max Mhz: 2419, Current Mhz: 2419, Mhz Limit: 2419
Processor Information for processor 7
  Max Mhz: 2419, Current Mhz: 2419, Mhz Limit: 2419

Memory: 4k page, system-wide physical 16110M (5395M free)
TotalPageFile size 24814M (AvailPageFile size 11645M)
current process WorkingSet (physical memory assigned to process): 95M, peak: 95M
current process commit charge ("private bytes"): 384M, peak: 384M

vm_info: OpenJDK 64-Bit Server VM (24.0.1+9-30) for windows-amd64 JRE (24.0.1+9-30), built on 2025-03-05T07:23:45Z with MS VC++ 17.6 (VS2022)

END.
